{
  "RSpec": {
    "coverage": {
      "/home/andrei/Projects/desafio_beep_saude/config/environment.rb": [
        null,
        1,
        null,
        null,
        1
      ],
      "/home/andrei/Projects/desafio_beep_saude/config/application.rb": [
        1,
        null,
        1,
        null,
        null,
        null,
        1,
        null,
        1,
        1,
        null,
        1,
        null,
        null,
        null,
        null,
        null,
        null,
        null
      ],
      "/home/andrei/Projects/desafio_beep_saude/config/boot.rb": [
        1,
        null,
        1,
        1
      ],
      "/home/andrei/Projects/desafio_beep_saude/config/environments/test.rb": [
        1,
        null,
        null,
        null,
        null,
        null,
        null,
        1,
        null,
        null,
        null,
        null,
        1,
        null,
        null,
        1,
        1,
        null,
        null,
        null,
        null,
        1,
        1,
        null,
        null,
        1,
        null,
        null,
        1,
        null,
        null,
        1,
        null,
        1,
        null,
        null,
        null,
        null,
        1,
        null,
        null,
        1,
        null,
        null,
        null,
        null
      ],
      "/home/andrei/Projects/desafio_beep_saude/config/initializers/application_controller_renderer.rb": [
        null,
        null,
        null,
        null,
        null,
        null,
        null,
        null
      ],
      "/home/andrei/Projects/desafio_beep_saude/config/initializers/assets.rb": [
        null,
        null,
        null,
        1,
        null,
        null,
        null,
        null,
        1,
        null,
        null,
        null,
        null,
        null
      ],
      "/home/andrei/Projects/desafio_beep_saude/config/initializers/backtrace_silencers.rb": [
        null,
        null,
        null,
        null,
        null,
        null,
        null
      ],
      "/home/andrei/Projects/desafio_beep_saude/config/initializers/content_security_policy.rb": [
        null,
        null,
        null,
        null,
        null,
        null,
        null,
        null,
        null,
        null,
        null,
        null,
        null,
        null,
        null,
        null,
        null,
        null,
        null,
        null,
        null,
        null,
        null,
        null,
        null
      ],
      "/home/andrei/Projects/desafio_beep_saude/config/initializers/cookies_serializer.rb": [
        null,
        null,
        null,
        null,
        1
      ],
      "/home/andrei/Projects/desafio_beep_saude/config/initializers/filter_parameter_logging.rb": [
        null,
        null,
        null,
        1
      ],
      "/home/andrei/Projects/desafio_beep_saude/config/initializers/inflections.rb": [
        null,
        null,
        null,
        null,
        null,
        null,
        null,
        null,
        null,
        null,
        null,
        null,
        null,
        null,
        null,
        null
      ],
      "/home/andrei/Projects/desafio_beep_saude/config/initializers/mime_types.rb": [
        null,
        null,
        null,
        null
      ],
      "/home/andrei/Projects/desafio_beep_saude/config/initializers/wrap_parameters.rb": [
        null,
        null,
        null,
        null,
        null,
        null,
        1,
        2,
        null,
        null,
        null,
        null,
        null,
        null
      ],
      "/home/andrei/Projects/desafio_beep_saude/spec/factories/currencies.rb": [
        1,
        1,
        26,
        2,
        2,
        null,
        null
      ],
      "/home/andrei/Projects/desafio_beep_saude/config/routes.rb": [
        1,
        null,
        null
      ],
      "/home/andrei/Projects/desafio_beep_saude/app/helpers/application_helper.rb": [
        1,
        null
      ],
      "/home/andrei/Projects/desafio_beep_saude/app/helpers/currency_helper.rb": [
        1,
        1,
        2,
        2,
        1,
        1,
        1,
        null,
        1,
        null,
        null,
        null,
        1,
        3,
        2,
        2,
        8,
        24,
        null,
        null,
        null,
        1,
        1,
        3,
        null,
        null,
        null,
        null
      ],
      "/home/andrei/Projects/desafio_beep_saude/app/helpers/currency_layer_helper.rb": [
        1,
        1,
        2,
        2,
        null,
        null,
        1,
        9,
        9,
        9,
        9,
        27,
        27,
        null,
        27,
        3,
        3,
        3,
        null,
        24,
        6,
        null,
        24,
        6,
        6,
        6,
        6,
        6,
        null,
        24,
        24,
        null,
        9,
        null,
        null
      ],
      "/home/andrei/Projects/desafio_beep_saude/spec/support/mocks.rb": [
        1,
        1,
        null,
        18,
        null,
        null,
        null,
        null,
        null,
        null,
        null,
        null,
        null,
        null,
        null,
        null,
        null,
        18,
        18,
        18,
        558,
        null,
        null,
        null,
        null,
        null,
        null,
        null,
        null,
        null,
        null,
        null,
        null,
        null,
        558,
        null,
        null,
        null
      ],
      "/home/andrei/Projects/desafio_beep_saude/spec/helpers/currency_layer_helper_spec.rb": [
        1,
        null,
        null,
        null,
        null,
        null,
        null,
        null,
        null,
        null,
        null,
        null,
        1,
        1,
        1,
        1,
        null,
        null,
        null,
        1,
        1,
        7,
        null,
        null,
        1,
        1,
        1,
        null,
        null,
        1,
        1,
        null,
        null,
        1,
        1,
        null,
        null,
        1,
        1,
        null,
        null,
        1,
        1,
        3,
        null,
        null,
        null,
        null,
        null,
        null,
        null,
        1,
        1,
        null,
        null,
        1,
        1,
        null,
        null,
        1,
        1,
        null,
        null,
        null,
        null
      ],
      "/home/andrei/Projects/desafio_beep_saude/spec/models/currency_spec.rb": [
        1,
        null,
        1,
        1,
        1,
        null,
        null,
        1,
        2,
        2,
        2,
        2,
        null,
        null,
        1,
        1,
        1,
        1,
        1,
        1,
        4,
        12,
        null,
        4,
        null,
        null,
        null,
        1,
        1,
        null,
        null,
        null
      ],
      "/home/andrei/Projects/desafio_beep_saude/app/models/currency.rb": [
        1,
        1,
        4,
        null,
        null,
        1,
        null,
        null,
        null,
        null,
        null,
        1,
        1,
        1,
        null,
        1,
        null
      ],
      "/home/andrei/Projects/desafio_beep_saude/app/models/application_record.rb": [
        1,
        1,
        null
      ]
    },
    "timestamp": 1561086111
  }
}
